<?xml version="1.0" encoding="UTF-8"?>
<!-- Generated by org.testng.reporters.JUnitXMLReporter -->
<testsuite ignored="0" hostname="197nodnb11637t1" failures="0" tests="5" name="Default test" time="0.095" errors="0" timestamp="06 May 2020 10:16:35 GMT">
  <testcase classname="homeseleniump1.annotgroupsandpriority" name="b" time="0.007"/>
  <testcase classname="homeseleniump1.annotgroupsandpriority" name="c" time="0.001"/>
  <testcase classname="homeseleniump1.annotgroupsandpriority" name="a" time="0.002"/>
  <testcase classname="homeseleniump1.annotgroupsandpriority" name="d" time="0.007"/>
  <testcase classname="homeseleniump1.annotgroupsandpriority" name="e" time="0.004"/>
</testsuite> <!-- Default test -->
