<?xml version="1.0" encoding="UTF-8"?>
<!-- Generated by org.testng.reporters.JUnitXMLReporter -->
<testsuite ignored="3" hostname="197nodnb11637t1" failures="0" tests="2" name="Test" time="0.129" errors="0" timestamp="06 May 2020 10:29:44 GMT">
  <testcase classname="homeseleniump1.annotgroupsandpriority" name="c" time="0.012"/>
  <testcase classname="homeseleniump1.annotgroupsandpriority" name="a" time="0.001"/>
  <testcase classname="homeseleniump1.annotgroupsandpriority" name="d" time="0.0">
    <ignored/>
  </testcase> <!-- d -->
  <testcase classname="homeseleniump1.annotgroupsandpriority" name="b" time="0.0">
    <ignored/>
  </testcase> <!-- b -->
  <testcase classname="homeseleniump1.annotgroupsandpriority" name="e" time="0.0">
    <ignored/>
  </testcase> <!-- e -->
</testsuite> <!-- Test -->
