<?xml version="1.0" encoding="UTF-8"?>
<testng-results ignored="3" total="5" passed="2" failed="0" skipped="0">
  <reporter-output>
  </reporter-output>
  <suite started-at="2020-05-06T10:29:41Z" name="Suite" finished-at="2020-05-06T10:29:41Z" duration-ms="129">
    <groups>
      <group name="bc1">
        <method signature="annotgroupsandpriority.c()[pri:1, instance:homeseleniump1.annotgroupsandpriority@683dbc2c]" name="c" class="homeseleniump1.annotgroupsandpriority"/>
      </group> <!-- bc1 -->
      <group name="abc">
        <method signature="annotgroupsandpriority.a()[pri:2, instance:homeseleniump1.annotgroupsandpriority@683dbc2c]" name="a" class="homeseleniump1.annotgroupsandpriority"/>
      </group> <!-- abc -->
    </groups>
    <test started-at="2020-05-06T10:29:41Z" name="Test" finished-at="2020-05-06T10:29:41Z" duration-ms="129">
      <class name="homeseleniump1.annotgroupsandpriority">
        <test-method signature="c()[pri:1, instance:homeseleniump1.annotgroupsandpriority@683dbc2c]" started-at="2020-05-06T10:29:41Z" name="c" finished-at="2020-05-06T10:29:41Z" duration-ms="12" status="PASS">
          <reporter-output>
          </reporter-output>
        </test-method> <!-- c -->
        <test-method signature="a()[pri:2, instance:homeseleniump1.annotgroupsandpriority@683dbc2c]" started-at="2020-05-06T10:29:41Z" name="a" finished-at="2020-05-06T10:29:41Z" duration-ms="1" status="PASS">
          <reporter-output>
          </reporter-output>
        </test-method> <!-- a -->
      </class> <!-- homeseleniump1.annotgroupsandpriority -->
    </test> <!-- Test -->
  </suite> <!-- Suite -->
</testng-results>
